android/app/build/intermediates/manifest_merge_blame_file/release/manifest-merger-blame-release-report.txt
1<?xml version="1.0" encoding="utf-8"?>
2<manifest xmlns:android="http://schemas.android.com/apk/res/android"
3    package="com.schoofi.sakksh"
4    android:versionCode="41"
5    android:versionName="3.8" >
6
7    <uses-sdk
8        android:minSdkVersion="26"
9        android:targetSdkVersion="34" />
10
11    <uses-feature
11-->src/main/AndroidManifest.xml:3:5-5:35
12        android:name="android.hardware.camera"
12-->src/main/AndroidManifest.xml:4:9-47
13        android:required="true" />
13-->src/main/AndroidManifest.xml:5:9-32
14
15    <uses-permission android:name="android.permission.INTERNET" />
15-->src/main/AndroidManifest.xml:7:5-67
15-->src/main/AndroidManifest.xml:7:22-64
16    <uses-permission android:name="android.permission.ACCESS_FINE_LOCATION" />
16-->src/main/AndroidManifest.xml:8:5-79
16-->src/main/AndroidManifest.xml:8:22-76
17    <uses-permission android:name="android.permission.CAMERA" />
17-->src/main/AndroidManifest.xml:9:5-64
17-->src/main/AndroidManifest.xml:9:22-62
18    <uses-permission android:name="android.permission.ACCESS_NETWORK_STATE" />
18-->[:react-native-community_netinfo] AndroidManifest.xml:7:5-79
18-->[:react-native-community_netinfo] AndroidManifest.xml:7:22-76
19    <uses-permission android:name="android.permission.ACCESS_WIFI_STATE" />
19-->[:react-native-community_netinfo] AndroidManifest.xml:8:5-76
19-->[:react-native-community_netinfo] AndroidManifest.xml:8:22-73
20    <!--
21         Required to keep CPU alive while downloading files
22        (NOT to keep screen awake)
23    -->
24    <uses-permission android:name="android.permission.WAKE_LOCK" /> <!-- Required to read and write the expansion files on shared storage -->
24-->[:react-native-blob-util] AndroidManifest.xml:14:5-68
24-->[:react-native-blob-util] AndroidManifest.xml:14:22-65
25    <uses-permission android:name="android.permission.WRITE_EXTERNAL_STORAGE" /> <!-- Required to read and write the expansion files on shared storage for Android 11 -->
25-->[:react-native-blob-util] AndroidManifest.xml:26:5-81
25-->[:react-native-blob-util] AndroidManifest.xml:26:22-78
26    <uses-permission android:name="android.permission.READ_EXTERNAL_STORAGE" /> <!-- Required to to download files without a notification -->
26-->[:react-native-blob-util] AndroidManifest.xml:29:5-80
26-->[:react-native-blob-util] AndroidManifest.xml:29:22-77
27    <uses-permission android:name="android.permission.DOWNLOAD_WITHOUT_NOTIFICATION" />
27-->[:react-native-blob-util] AndroidManifest.xml:32:5-88
27-->[:react-native-blob-util] AndroidManifest.xml:32:22-85
28    <uses-permission android:name="android.permission.ACCESS_COARSE_LOCATION" />
28-->[:react-native-get-location] AndroidManifest.xml:7:5-81
28-->[:react-native-get-location] AndroidManifest.xml:7:22-78
29
30    <queries>
30-->[:react-native-image-crop-picker] AndroidManifest.xml:7:5-11:15
31        <intent>
31-->[:react-native-image-crop-picker] AndroidManifest.xml:8:9-10:18
32            <action android:name="android.media.action.IMAGE_CAPTURE" />
32-->[:react-native-image-crop-picker] AndroidManifest.xml:9:13-73
32-->[:react-native-image-crop-picker] AndroidManifest.xml:9:21-70
33        </intent>
34        <intent>
34-->[androidx.camera:camera-extensions:1.5.0-alpha03] AndroidManifest.xml:23:9-25:18
35            <action android:name="androidx.camera.extensions.action.VENDOR_ACTION" />
35-->[androidx.camera:camera-extensions:1.5.0-alpha03] AndroidManifest.xml:24:13-86
35-->[androidx.camera:camera-extensions:1.5.0-alpha03] AndroidManifest.xml:24:21-83
36        </intent>
37    </queries> <!-- Required by older versions of Google Play services to create IID tokens -->
38    <uses-permission android:name="com.google.android.c2dm.permission.RECEIVE" />
38-->[com.google.android.gms:play-services-iid:17.0.0] AndroidManifest.xml:23:5-82
38-->[com.google.android.gms:play-services-iid:17.0.0] AndroidManifest.xml:23:22-79
39
40    <permission
40-->[androidx.core:core:1.12.0] AndroidManifest.xml:22:5-24:47
41        android:name="com.schoofi.sakksh.DYNAMIC_RECEIVER_NOT_EXPORTED_PERMISSION"
41-->[androidx.core:core:1.12.0] AndroidManifest.xml:23:9-81
42        android:protectionLevel="signature" />
42-->[androidx.core:core:1.12.0] AndroidManifest.xml:24:9-44
43
44    <uses-permission android:name="com.schoofi.sakksh.DYNAMIC_RECEIVER_NOT_EXPORTED_PERMISSION" />
44-->[androidx.core:core:1.12.0] AndroidManifest.xml:26:5-97
44-->[androidx.core:core:1.12.0] AndroidManifest.xml:26:22-94
45    <uses-permission android:name="com.google.android.finsky.permission.BIND_GET_INSTALL_REFERRER_SERVICE" />
45-->[com.android.installreferrer:installreferrer:1.1.2] AndroidManifest.xml:9:5-110
45-->[com.android.installreferrer:installreferrer:1.1.2] AndroidManifest.xml:9:22-107
46
47    <application
47-->src/main/AndroidManifest.xml:11:5-30:19
48        android:name="com.schoofi.sakksh.MainApplication"
48-->src/main/AndroidManifest.xml:12:7-38
49        android:allowBackup="false"
49-->src/main/AndroidManifest.xml:15:7-34
50        android:appComponentFactory="androidx.core.app.CoreComponentFactory"
50-->[androidx.core:core:1.12.0] AndroidManifest.xml:28:18-86
51        android:extractNativeLibs="false"
52        android:icon="@mipmap/ic_launcher"
52-->src/main/AndroidManifest.xml:14:7-41
53        android:label="@string/app_name"
53-->src/main/AndroidManifest.xml:13:7-39
54        android:theme="@style/AppTheme"
54-->src/main/AndroidManifest.xml:16:7-38
55        android:usesCleartextTraffic="true" >
55-->src/main/AndroidManifest.xml:17:7-42
56        <activity
56-->src/main/AndroidManifest.xml:18:7-29:18
57            android:name="com.schoofi.sakksh.MainActivity"
57-->src/main/AndroidManifest.xml:19:9-37
58            android:configChanges="keyboard|keyboardHidden|orientation|screenLayout|screenSize|smallestScreenSize|uiMode"
58-->src/main/AndroidManifest.xml:21:9-118
59            android:exported="true"
59-->src/main/AndroidManifest.xml:24:9-32
60            android:label="@string/app_name"
60-->src/main/AndroidManifest.xml:20:9-41
61            android:launchMode="singleTask"
61-->src/main/AndroidManifest.xml:22:9-40
62            android:windowSoftInputMode="adjustResize" >
62-->src/main/AndroidManifest.xml:23:9-51
63            <intent-filter>
63-->src/main/AndroidManifest.xml:25:9-28:25
64                <action android:name="android.intent.action.MAIN" />
64-->src/main/AndroidManifest.xml:26:13-65
64-->src/main/AndroidManifest.xml:26:21-62
65
66                <category android:name="android.intent.category.LAUNCHER" />
66-->src/main/AndroidManifest.xml:27:13-73
66-->src/main/AndroidManifest.xml:27:23-70
67            </intent-filter>
68        </activity>
69        <!-- Disable crashlytics by default so we can custom init with CrashlyticsNdk support -->
70        <meta-data
70-->[:react-native-firebase_crashlytics] AndroidManifest.xml:10:9-12:37
71            android:name="firebase_crashlytics_collection_enabled"
71-->[:react-native-firebase_crashlytics] AndroidManifest.xml:11:13-67
72            android:value="false" />
72-->[:react-native-firebase_crashlytics] AndroidManifest.xml:12:13-34
73
74        <provider
74-->[:react-native-firebase_crashlytics] AndroidManifest.xml:14:9-18:38
75            android:name="io.invertase.firebase.crashlytics.ReactNativeFirebaseCrashlyticsInitProvider"
75-->[:react-native-firebase_crashlytics] AndroidManifest.xml:15:13-104
76            android:authorities="com.schoofi.sakksh.reactnativefirebasecrashlyticsinitprovider"
76-->[:react-native-firebase_crashlytics] AndroidManifest.xml:16:13-94
77            android:exported="false"
77-->[:react-native-firebase_crashlytics] AndroidManifest.xml:17:13-37
78            android:initOrder="98" />
78-->[:react-native-firebase_crashlytics] AndroidManifest.xml:18:13-35
79
80        <meta-data
80-->[:react-native-firebase_app] AndroidManifest.xml:9:9-11:36
81            android:name="app_data_collection_default_enabled"
81-->[:react-native-firebase_app] AndroidManifest.xml:10:13-63
82            android:value="true" />
82-->[:react-native-firebase_app] AndroidManifest.xml:11:13-33
83
84        <service
84-->[:react-native-firebase_app] AndroidManifest.xml:13:9-21:19
85            android:name="com.google.firebase.components.ComponentDiscoveryService"
85-->[:react-native-firebase_app] AndroidManifest.xml:14:13-84
86            android:directBootAware="true"
86-->[:react-native-firebase_app] AndroidManifest.xml:15:13-43
87            android:exported="false" >
87-->[:react-native-firebase_app] AndroidManifest.xml:16:13-37
88            <meta-data
88-->[:react-native-firebase_app] AndroidManifest.xml:18:13-20:85
89                android:name="com.google.firebase.components:io.invertase.firebase.app.ReactNativeFirebaseAppRegistrar"
89-->[:react-native-firebase_app] AndroidManifest.xml:19:17-120
90                android:value="com.google.firebase.components.ComponentRegistrar" />
90-->[:react-native-firebase_app] AndroidManifest.xml:20:17-82
91            <meta-data
91-->[com.google.firebase:firebase-crashlytics-ndk:19.0.0] AndroidManifest.xml:32:13-34:85
92                android:name="com.google.firebase.components:com.google.firebase.crashlytics.ndk.CrashlyticsNdkRegistrar"
92-->[com.google.firebase:firebase-crashlytics-ndk:19.0.0] AndroidManifest.xml:33:17-122
93                android:value="com.google.firebase.components.ComponentRegistrar" />
93-->[com.google.firebase:firebase-crashlytics-ndk:19.0.0] AndroidManifest.xml:34:17-82
94            <meta-data
94-->[com.google.firebase:firebase-crashlytics:19.0.0] AndroidManifest.xml:15:13-17:85
95                android:name="com.google.firebase.components:com.google.firebase.crashlytics.FirebaseCrashlyticsKtxRegistrar"
95-->[com.google.firebase:firebase-crashlytics:19.0.0] AndroidManifest.xml:16:17-126
96                android:value="com.google.firebase.components.ComponentRegistrar" />
96-->[com.google.firebase:firebase-crashlytics:19.0.0] AndroidManifest.xml:17:17-82
97            <meta-data
97-->[com.google.firebase:firebase-crashlytics:19.0.0] AndroidManifest.xml:18:13-20:85
98                android:name="com.google.firebase.components:com.google.firebase.crashlytics.CrashlyticsRegistrar"
98-->[com.google.firebase:firebase-crashlytics:19.0.0] AndroidManifest.xml:19:17-115
99                android:value="com.google.firebase.components.ComponentRegistrar" />
99-->[com.google.firebase:firebase-crashlytics:19.0.0] AndroidManifest.xml:20:17-82
100            <meta-data
100-->[com.google.firebase:firebase-sessions:2.0.0] AndroidManifest.xml:29:13-31:85
101                android:name="com.google.firebase.components:com.google.firebase.sessions.FirebaseSessionsRegistrar"
101-->[com.google.firebase:firebase-sessions:2.0.0] AndroidManifest.xml:30:17-117
102                android:value="com.google.firebase.components.ComponentRegistrar" />
102-->[com.google.firebase:firebase-sessions:2.0.0] AndroidManifest.xml:31:17-82
103            <meta-data
103-->[com.google.firebase:firebase-installations:18.0.0] AndroidManifest.xml:15:13-17:85
104                android:name="com.google.firebase.components:com.google.firebase.installations.FirebaseInstallationsKtxRegistrar"
104-->[com.google.firebase:firebase-installations:18.0.0] AndroidManifest.xml:16:17-130
105                android:value="com.google.firebase.components.ComponentRegistrar" />
105-->[com.google.firebase:firebase-installations:18.0.0] AndroidManifest.xml:17:17-82
106            <meta-data
106-->[com.google.firebase:firebase-installations:18.0.0] AndroidManifest.xml:18:13-20:85
107                android:name="com.google.firebase.components:com.google.firebase.installations.FirebaseInstallationsRegistrar"
107-->[com.google.firebase:firebase-installations:18.0.0] AndroidManifest.xml:19:17-127
108                android:value="com.google.firebase.components.ComponentRegistrar" />
108-->[com.google.firebase:firebase-installations:18.0.0] AndroidManifest.xml:20:17-82
109            <meta-data
109-->[com.google.firebase:firebase-common-ktx:21.0.0] AndroidManifest.xml:12:13-14:85
110                android:name="com.google.firebase.components:com.google.firebase.ktx.FirebaseCommonLegacyRegistrar"
110-->[com.google.firebase:firebase-common-ktx:21.0.0] AndroidManifest.xml:13:17-116
111                android:value="com.google.firebase.components.ComponentRegistrar" />
111-->[com.google.firebase:firebase-common-ktx:21.0.0] AndroidManifest.xml:14:17-82
112            <meta-data
112-->[com.google.firebase:firebase-common:21.0.0] AndroidManifest.xml:35:13-37:85
113                android:name="com.google.firebase.components:com.google.firebase.FirebaseCommonKtxRegistrar"
113-->[com.google.firebase:firebase-common:21.0.0] AndroidManifest.xml:36:17-109
114                android:value="com.google.firebase.components.ComponentRegistrar" />
114-->[com.google.firebase:firebase-common:21.0.0] AndroidManifest.xml:37:17-82
115            <meta-data
115-->[com.google.firebase:firebase-datatransport:18.1.8] AndroidManifest.xml:27:13-29:85
116                android:name="com.google.firebase.components:com.google.firebase.datatransport.TransportRegistrar"
116-->[com.google.firebase:firebase-datatransport:18.1.8] AndroidManifest.xml:28:17-115
117                android:value="com.google.firebase.components.ComponentRegistrar" />
117-->[com.google.firebase:firebase-datatransport:18.1.8] AndroidManifest.xml:29:17-82
118        </service>
119
120        <provider
120-->[:react-native-firebase_app] AndroidManifest.xml:23:9-27:38
121            android:name="io.invertase.firebase.app.ReactNativeFirebaseAppInitProvider"
121-->[:react-native-firebase_app] AndroidManifest.xml:24:13-88
122            android:authorities="com.schoofi.sakksh.reactnativefirebaseappinitprovider"
122-->[:react-native-firebase_app] AndroidManifest.xml:25:13-86
123            android:exported="false"
123-->[:react-native-firebase_app] AndroidManifest.xml:26:13-37
124            android:initOrder="99" />
124-->[:react-native-firebase_app] AndroidManifest.xml:27:13-35
125        <provider
125-->[:react-native-blob-util] AndroidManifest.xml:35:9-43:20
126            android:name="com.ReactNativeBlobUtil.Utils.FileProvider"
126-->[:react-native-blob-util] AndroidManifest.xml:36:13-70
127            android:authorities="com.schoofi.sakksh.provider"
127-->[:react-native-blob-util] AndroidManifest.xml:37:13-60
128            android:exported="false"
128-->[:react-native-blob-util] AndroidManifest.xml:38:13-37
129            android:grantUriPermissions="true" >
129-->[:react-native-blob-util] AndroidManifest.xml:39:13-47
130            <meta-data
130-->[:react-native-blob-util] AndroidManifest.xml:40:13-42:58
131                android:name="android.support.FILE_PROVIDER_PATHS"
131-->[:react-native-blob-util] AndroidManifest.xml:41:17-67
132                android:resource="@xml/provider_paths" />
132-->[:react-native-blob-util] AndroidManifest.xml:42:17-55
133        </provider>
134        <provider
134-->[:react-native-image-crop-picker] AndroidManifest.xml:16:9-24:20
135            android:name="com.reactnative.ivpusic.imagepicker.IvpusicImagePickerFileProvider"
135-->[:react-native-image-crop-picker] AndroidManifest.xml:17:13-94
136            android:authorities="com.schoofi.sakksh.provider"
136-->[:react-native-image-crop-picker] AndroidManifest.xml:18:13-60
137            android:exported="false"
137-->[:react-native-image-crop-picker] AndroidManifest.xml:19:13-37
138            android:grantUriPermissions="true" >
138-->[:react-native-image-crop-picker] AndroidManifest.xml:20:13-47
139            <meta-data
139-->[:react-native-blob-util] AndroidManifest.xml:40:13-42:58
140                android:name="android.support.FILE_PROVIDER_PATHS"
140-->[:react-native-blob-util] AndroidManifest.xml:41:17-67
141                android:resource="@xml/ivpusic_imagepicker_provider_paths" />
141-->[:react-native-blob-util] AndroidManifest.xml:42:17-55
142        </provider>
143
144        <activity
144-->[:react-native-image-crop-picker] AndroidManifest.xml:26:9-28:72
145            android:name="com.yalantis.ucrop.UCropActivity"
145-->[:react-native-image-crop-picker] AndroidManifest.xml:27:13-60
146            android:theme="@style/Theme.AppCompat.Light.NoActionBar" />
146-->[:react-native-image-crop-picker] AndroidManifest.xml:28:13-69
147
148        <provider
148-->[:react-native-image-picker] AndroidManifest.xml:8:9-16:20
149            android:name="com.imagepicker.ImagePickerProvider"
149-->[:react-native-image-picker] AndroidManifest.xml:9:13-63
150            android:authorities="com.schoofi.sakksh.imagepickerprovider"
150-->[:react-native-image-picker] AndroidManifest.xml:10:13-71
151            android:exported="false"
151-->[:react-native-image-picker] AndroidManifest.xml:11:13-37
152            android:grantUriPermissions="true" >
152-->[:react-native-image-picker] AndroidManifest.xml:12:13-47
153            <meta-data
153-->[:react-native-blob-util] AndroidManifest.xml:40:13-42:58
154                android:name="android.support.FILE_PROVIDER_PATHS"
154-->[:react-native-blob-util] AndroidManifest.xml:41:17-67
155                android:resource="@xml/imagepicker_provider_paths" />
155-->[:react-native-blob-util] AndroidManifest.xml:42:17-55
156        </provider>
157
158        <uses-library
158-->[androidx.camera:camera-extensions:1.5.0-alpha03] AndroidManifest.xml:29:9-31:40
159            android:name="androidx.camera.extensions.impl"
159-->[androidx.camera:camera-extensions:1.5.0-alpha03] AndroidManifest.xml:30:13-59
160            android:required="false" />
160-->[androidx.camera:camera-extensions:1.5.0-alpha03] AndroidManifest.xml:31:13-37
161
162        <service
162-->[androidx.camera:camera-camera2:1.5.0-alpha03] AndroidManifest.xml:24:9-33:19
163            android:name="androidx.camera.core.impl.MetadataHolderService"
163-->[androidx.camera:camera-camera2:1.5.0-alpha03] AndroidManifest.xml:25:13-75
164            android:enabled="false"
164-->[androidx.camera:camera-camera2:1.5.0-alpha03] AndroidManifest.xml:26:13-36
165            android:exported="false" >
165-->[androidx.camera:camera-camera2:1.5.0-alpha03] AndroidManifest.xml:27:13-37
166            <meta-data
166-->[androidx.camera:camera-camera2:1.5.0-alpha03] AndroidManifest.xml:30:13-32:89
167                android:name="androidx.camera.core.impl.MetadataHolderService.DEFAULT_CONFIG_PROVIDER"
167-->[androidx.camera:camera-camera2:1.5.0-alpha03] AndroidManifest.xml:31:17-103
168                android:value="androidx.camera.camera2.Camera2Config$DefaultProvider" />
168-->[androidx.camera:camera-camera2:1.5.0-alpha03] AndroidManifest.xml:32:17-86
169        </service>
170        <service
170-->[com.google.android.gms:play-services-mlkit-barcode-scanning:18.3.1] AndroidManifest.xml:9:9-15:19
171            android:name="com.google.mlkit.common.internal.MlKitComponentDiscoveryService"
171-->[com.google.android.gms:play-services-mlkit-barcode-scanning:18.3.1] AndroidManifest.xml:10:13-91
172            android:directBootAware="true"
172-->[com.google.mlkit:common:18.11.0] AndroidManifest.xml:17:13-43
173            android:exported="false" >
173-->[com.google.android.gms:play-services-mlkit-barcode-scanning:18.3.1] AndroidManifest.xml:11:13-37
174            <meta-data
174-->[com.google.android.gms:play-services-mlkit-barcode-scanning:18.3.1] AndroidManifest.xml:12:13-14:85
175                android:name="com.google.firebase.components:com.google.mlkit.vision.barcode.internal.BarcodeRegistrar"
175-->[com.google.android.gms:play-services-mlkit-barcode-scanning:18.3.1] AndroidManifest.xml:13:17-120
176                android:value="com.google.firebase.components.ComponentRegistrar" />
176-->[com.google.android.gms:play-services-mlkit-barcode-scanning:18.3.1] AndroidManifest.xml:14:17-82
177            <meta-data
177-->[com.google.android.gms:play-services-mlkit-face-detection:17.1.0] AndroidManifest.xml:12:13-14:85
178                android:name="com.google.firebase.components:com.google.mlkit.vision.face.internal.FaceRegistrar"
178-->[com.google.android.gms:play-services-mlkit-face-detection:17.1.0] AndroidManifest.xml:13:17-114
179                android:value="com.google.firebase.components.ComponentRegistrar" />
179-->[com.google.android.gms:play-services-mlkit-face-detection:17.1.0] AndroidManifest.xml:14:17-82
180            <meta-data
180-->[com.google.mlkit:vision-common:17.3.0] AndroidManifest.xml:12:13-14:85
181                android:name="com.google.firebase.components:com.google.mlkit.vision.common.internal.VisionCommonRegistrar"
181-->[com.google.mlkit:vision-common:17.3.0] AndroidManifest.xml:13:17-124
182                android:value="com.google.firebase.components.ComponentRegistrar" />
182-->[com.google.mlkit:vision-common:17.3.0] AndroidManifest.xml:14:17-82
183            <meta-data
183-->[com.google.mlkit:common:18.11.0] AndroidManifest.xml:20:13-22:85
184                android:name="com.google.firebase.components:com.google.mlkit.common.internal.CommonComponentRegistrar"
184-->[com.google.mlkit:common:18.11.0] AndroidManifest.xml:21:17-120
185                android:value="com.google.firebase.components.ComponentRegistrar" />
185-->[com.google.mlkit:common:18.11.0] AndroidManifest.xml:22:17-82
186        </service>
187
188        <provider
188-->[com.google.mlkit:common:18.11.0] AndroidManifest.xml:9:9-13:38
189            android:name="com.google.mlkit.common.internal.MlKitInitProvider"
189-->[com.google.mlkit:common:18.11.0] AndroidManifest.xml:10:13-78
190            android:authorities="com.schoofi.sakksh.mlkitinitprovider"
190-->[com.google.mlkit:common:18.11.0] AndroidManifest.xml:11:13-69
191            android:exported="false"
191-->[com.google.mlkit:common:18.11.0] AndroidManifest.xml:12:13-37
192            android:initOrder="99" />
192-->[com.google.mlkit:common:18.11.0] AndroidManifest.xml:13:13-35
193
194        <service
194-->[com.google.firebase:firebase-sessions:2.0.0] AndroidManifest.xml:22:9-25:40
195            android:name="com.google.firebase.sessions.SessionLifecycleService"
195-->[com.google.firebase:firebase-sessions:2.0.0] AndroidManifest.xml:23:13-80
196            android:enabled="true"
196-->[com.google.firebase:firebase-sessions:2.0.0] AndroidManifest.xml:24:13-35
197            android:exported="false" />
197-->[com.google.firebase:firebase-sessions:2.0.0] AndroidManifest.xml:25:13-37
198
199        <provider
199-->[com.google.firebase:firebase-common:21.0.0] AndroidManifest.xml:23:9-28:39
200            android:name="com.google.firebase.provider.FirebaseInitProvider"
200-->[com.google.firebase:firebase-common:21.0.0] AndroidManifest.xml:24:13-77
201            android:authorities="com.schoofi.sakksh.firebaseinitprovider"
201-->[com.google.firebase:firebase-common:21.0.0] AndroidManifest.xml:25:13-72
202            android:directBootAware="true"
202-->[com.google.firebase:firebase-common:21.0.0] AndroidManifest.xml:26:13-43
203            android:exported="false"
203-->[com.google.firebase:firebase-common:21.0.0] AndroidManifest.xml:27:13-37
204            android:initOrder="100" />
204-->[com.google.firebase:firebase-common:21.0.0] AndroidManifest.xml:28:13-36
205
206        <activity
206-->[com.google.android.gms:play-services-auth:21.1.1] AndroidManifest.xml:23:9-27:75
207            android:name="com.google.android.gms.auth.api.signin.internal.SignInHubActivity"
207-->[com.google.android.gms:play-services-auth:21.1.1] AndroidManifest.xml:24:13-93
208            android:excludeFromRecents="true"
208-->[com.google.android.gms:play-services-auth:21.1.1] AndroidManifest.xml:25:13-46
209            android:exported="false"
209-->[com.google.android.gms:play-services-auth:21.1.1] AndroidManifest.xml:26:13-37
210            android:theme="@android:style/Theme.Translucent.NoTitleBar" />
210-->[com.google.android.gms:play-services-auth:21.1.1] AndroidManifest.xml:27:13-72
211        <!--
212            Service handling Google Sign-In user revocation. For apps that do not integrate with
213            Google Sign-In, this service will never be started.
214        -->
215        <service
215-->[com.google.android.gms:play-services-auth:21.1.1] AndroidManifest.xml:33:9-37:51
216            android:name="com.google.android.gms.auth.api.signin.RevocationBoundService"
216-->[com.google.android.gms:play-services-auth:21.1.1] AndroidManifest.xml:34:13-89
217            android:exported="true"
217-->[com.google.android.gms:play-services-auth:21.1.1] AndroidManifest.xml:35:13-36
218            android:permission="com.google.android.gms.auth.api.signin.permission.REVOCATION_NOTIFICATION"
218-->[com.google.android.gms:play-services-auth:21.1.1] AndroidManifest.xml:36:13-107
219            android:visibleToInstantApps="true" />
219-->[com.google.android.gms:play-services-auth:21.1.1] AndroidManifest.xml:37:13-48
220
221        <activity
221-->[com.google.android.gms:play-services-base:18.5.0] AndroidManifest.xml:5:9-173
222            android:name="com.google.android.gms.common.api.GoogleApiActivity"
222-->[com.google.android.gms:play-services-base:18.5.0] AndroidManifest.xml:5:19-85
223            android:exported="false"
223-->[com.google.android.gms:play-services-base:18.5.0] AndroidManifest.xml:5:146-170
224            android:theme="@android:style/Theme.Translucent.NoTitleBar" />
224-->[com.google.android.gms:play-services-base:18.5.0] AndroidManifest.xml:5:86-145
225
226        <meta-data
226-->[com.google.android.gms:play-services-basement:18.4.0] AndroidManifest.xml:6:9-122
227            android:name="com.google.android.gms.version"
227-->[com.google.android.gms:play-services-basement:18.4.0] AndroidManifest.xml:6:20-65
228            android:value="@integer/google_play_services_version" />
228-->[com.google.android.gms:play-services-basement:18.4.0] AndroidManifest.xml:6:66-119
229
230        <provider
230-->[androidx.emoji2:emoji2:1.2.0] AndroidManifest.xml:24:9-32:20
231            android:name="androidx.startup.InitializationProvider"
231-->[androidx.emoji2:emoji2:1.2.0] AndroidManifest.xml:25:13-67
232            android:authorities="com.schoofi.sakksh.androidx-startup"
232-->[androidx.emoji2:emoji2:1.2.0] AndroidManifest.xml:26:13-68
233            android:exported="false" >
233-->[androidx.emoji2:emoji2:1.2.0] AndroidManifest.xml:27:13-37
234            <meta-data
234-->[androidx.emoji2:emoji2:1.2.0] AndroidManifest.xml:29:13-31:52
235                android:name="androidx.emoji2.text.EmojiCompatInitializer"
235-->[androidx.emoji2:emoji2:1.2.0] AndroidManifest.xml:30:17-75
236                android:value="androidx.startup" />
236-->[androidx.emoji2:emoji2:1.2.0] AndroidManifest.xml:31:17-49
237            <meta-data
237-->[androidx.lifecycle:lifecycle-process:2.8.7] AndroidManifest.xml:29:13-31:52
238                android:name="androidx.lifecycle.ProcessLifecycleInitializer"
238-->[androidx.lifecycle:lifecycle-process:2.8.7] AndroidManifest.xml:30:17-78
239                android:value="androidx.startup" />
239-->[androidx.lifecycle:lifecycle-process:2.8.7] AndroidManifest.xml:31:17-49
240            <meta-data
240-->[androidx.profileinstaller:profileinstaller:1.3.1] AndroidManifest.xml:29:13-31:52
241                android:name="androidx.profileinstaller.ProfileInstallerInitializer"
241-->[androidx.profileinstaller:profileinstaller:1.3.1] AndroidManifest.xml:30:17-85
242                android:value="androidx.startup" />
242-->[androidx.profileinstaller:profileinstaller:1.3.1] AndroidManifest.xml:31:17-49
243        </provider>
244
245        <service
245-->[com.google.android.datatransport:transport-backend-cct:3.1.9] AndroidManifest.xml:28:9-34:19
246            android:name="com.google.android.datatransport.runtime.backends.TransportBackendDiscovery"
246-->[com.google.android.datatransport:transport-backend-cct:3.1.9] AndroidManifest.xml:29:13-103
247            android:exported="false" >
247-->[com.google.android.datatransport:transport-backend-cct:3.1.9] AndroidManifest.xml:30:13-37
248            <meta-data
248-->[com.google.android.datatransport:transport-backend-cct:3.1.9] AndroidManifest.xml:31:13-33:39
249                android:name="backend:com.google.android.datatransport.cct.CctBackendFactory"
249-->[com.google.android.datatransport:transport-backend-cct:3.1.9] AndroidManifest.xml:32:17-94
250                android:value="cct" />
250-->[com.google.android.datatransport:transport-backend-cct:3.1.9] AndroidManifest.xml:33:17-36
251        </service>
252
253        <receiver
253-->[androidx.profileinstaller:profileinstaller:1.3.1] AndroidManifest.xml:34:9-52:20
254            android:name="androidx.profileinstaller.ProfileInstallReceiver"
254-->[androidx.profileinstaller:profileinstaller:1.3.1] AndroidManifest.xml:35:13-76
255            android:directBootAware="false"
255-->[androidx.profileinstaller:profileinstaller:1.3.1] AndroidManifest.xml:36:13-44
256            android:enabled="true"
256-->[androidx.profileinstaller:profileinstaller:1.3.1] AndroidManifest.xml:37:13-35
257            android:exported="true"
257-->[androidx.profileinstaller:profileinstaller:1.3.1] AndroidManifest.xml:38:13-36
258            android:permission="android.permission.DUMP" >
258-->[androidx.profileinstaller:profileinstaller:1.3.1] AndroidManifest.xml:39:13-57
259            <intent-filter>
259-->[androidx.profileinstaller:profileinstaller:1.3.1] AndroidManifest.xml:40:13-42:29
260                <action android:name="androidx.profileinstaller.action.INSTALL_PROFILE" />
260-->[androidx.profileinstaller:profileinstaller:1.3.1] AndroidManifest.xml:41:17-91
260-->[androidx.profileinstaller:profileinstaller:1.3.1] AndroidManifest.xml:41:25-88
261            </intent-filter>
262            <intent-filter>
262-->[androidx.profileinstaller:profileinstaller:1.3.1] AndroidManifest.xml:43:13-45:29